<?xml version="1.0" encoding="UTF-8"?>
<!-- Generated by org.testng.reporters.JUnitXMLReporter -->
<testsuite hostname="Rong-TestingHost" ignored="1" name="Test 1" tests="5" failures="0" timestamp="27 Jul 2018 03:18:20 GMT" time="2.362" errors="0">
  <testcase name="testArrayJason" time="0.078" classname="com.backupassist.sample.SampleTest"/>
  <testcase name="testDataProvider" time="0.0" classname="com.backupassist.sample.SampleTest"/>
  <testcase name="testDataProvider" time="0.0" classname="com.backupassist.sample.SampleTest"/>
  <testcase name="testJason" time="0.0" classname="com.backupassist.sample.SampleTest"/>
  <testcase name="testRestAssuredToClass" time="2.221" classname="com.backupassist.sample.SampleTest"/>
  <testcase name="deleteAll" time="0.0" classname="com.backupassist.sample.SampleTest">
    <ignored/>
  </testcase> <!-- deleteAll -->
</testsuite> <!-- Test 1 -->
